<?xml version="1.0" encoding="UTF-8"?>
<!-- Generated by org.testng.reporters.JUnitXMLReporter -->
<testsuite hostname="Phuong-PC" name="Default test" tests="3" failures="0" timestamp="9 Jul 2014 16:05:27 GMT" time="2.378" errors="0">
  <testcase name="testFindCat" time="0.136" classname="interview.test.animal.dao.TestAnimalDao"/>
  <testcase name="testFindDog" time="0.015" classname="interview.test.animal.dao.TestAnimalDao"/>
  <testcase name="testFindDogOrCat" time="0.005" classname="interview.test.animal.dao.TestAnimalDao"/>
</testsuite> <!-- Default test -->
